build/app/outputs/mapping/release/seeds.txt
com.example.finflow.MainActivity: MainActivity()
com.example.finflow.MainActivity
...
androidx.lifecycle.ViewModel: ViewModel()
androidx.window.embedding.SplitController: void addSplitListener(android.app.Activity,java.util.concurrent.Executor,androidx.core.util.Consumer)
androidx.window.embedding.ActivityFilter: android.content.ComponentName componentName
com.google.firebase.firestore.proto.NoDocument: com.google.firebase.firestore.proto.NoDocument DEFAULT_INSTANCE
com.google.firestore.v1.Target$QueryTarget: java.lang.Object queryType_
com.google.firestore.v1.StructuredQuery$CompositeFilter: int op_
io.flutter.plugin.editing.ImeSyncDeferringInsetsCallback: android.view.WindowInsets access$400(io.flutter.plugin.editing.ImeSyncDeferringInsetsCallback)
androidx.window.embedding.SplitRuleParser: androidx.window.embedding.SplitPairFilter parseSplitPairFilter(android.content.Context,android.content.res.XmlResourceParser)
androidx.window.core.Version: androidx.window.core.Version UNKNOWN
androidx.window.layout.HardwareFoldingFeature$Type
com.google.firestore.v1.DocumentMask: com.google.protobuf.Parser PARSER
com.google.firestore.v1.TargetChange: com.google.protobuf.Internal$IntList targetIds_
io.grpc.okhttp.OkHttpChannelBuilder: io.grpc.okhttp.OkHttpChannelBuilder transportExecutor(java.util.concurrent.Executor)
androidx.window.java.layout.WindowInfoTrackerCallbackAdapter: void addWindowLayoutInfoListener(android.app.Activity,java.util.concurrent.Executor,androidx.core.util.Consumer)
androidx.window.embedding.SplitController: androidx.window.embedding.SplitController access$getGlobalInstance$cp()
com.google.firebase.auth.zze: android.os.Parcelable$Creator CREATOR
androidx.window.layout.SidecarCompat: java.util.Map windowListenerRegisteredContexts
androidx.window.embedding.SplitPairRule: java.util.Set getFilters()
com.google.firestore.v1.Document: int UPDATE_TIME_FIELD_NUMBER
com.google.firestore.v1.DocumentDelete: int DOCUMENT_FIELD_NUMBER
androidx.window.embedding.EmbeddingCompat: void setSplitRules(java.util.Set)
com.google.android.gms.internal.firebase-auth-api.zzjb
io.flutter.plugin.editing.ImeSyncDeferringInsetsCallback: void remove()
com.google.android.gms.internal.firebase-auth-api.zzph: android.os.Parcelable$Creator CREATOR
com.google.firestore.v1.DocumentDelete
androidx.window.layout.FoldingFeature: androidx.window.layout.FoldingFeature$OcclusionType getOcclusionType()
androidx.window.core.Version: int getMajor()
kotlin.jvm.internal.CallableReference: java.lang.Class owner
com.google.android.gms.internal.firebase-auth-api.zzjv: com.google.android.gms.internal.firebase-auth-api.zzyh zzg
androidx.lifecycle.Lifecycle$Event: androidx.lifecycle.Lifecycle$Event valueOf(java.lang.String)
io.flutter.embedding.engine.systemchannels.TextInputChannel$TextCapitalization: io.flutter.embedding.engine.systemchannels.TextInputChannel$TextCapitalization[] values()
io.flutter.plugins.firebase.core.FlutterFirebasePluginRegistry: com.google.android.gms.tasks.Task getPluginConstantsForFirebaseApp(com.google.firebase.FirebaseApp)
kotlin.jvm.internal.FunctionReference: java.lang.String toString()
com.google.firestore.v1.BatchGetDocumentsRequest: int consistencySelectorCase_
com.google.firestore.v1.CommitRequest: java.lang.String database_
com.google.android.gms.internal.firebase-auth-api.zzfy: com.google.android.gms.internal.firebase-auth-api.zzgb zzf
kotlin.coroutines.jvm.internal.BaseContinuationImpl: java.lang.Object invokeSuspend(java.lang.Object)
kotlinx.coroutines.channels.AbstractSendChannel$SendBuffered
com.google.firestore.v1.ListenRequest: com.google.protobuf.Parser PARSER
com.google.firestore.v1.Target$QueryTarget: int queryTypeCase_
io.flutter.embedding.android.FlutterSplashView$SavedState: void writeToParcel(android.os.Parcel,int)
androidx.window.layout.SidecarCompat$TranslatingCallback
androidx.window.layout.WindowInfoTracker
androidx.window.layout.WindowMetricsCalculatorCompat: android.graphics.Rect computeWindowBoundsN$window_release(android.app.Activity)
androidx.window.layout.WindowMetrics