build/app/outputs/mapping/release/mapping.txt
# compiler: R8
# compiler_version: 2.1.62
# min_api: 24
# pg_map_id: e19d9b5
# common_typos_disable
...
com.google.android.gms.internal.firebase-auth-api.zzql -> c.a.a.a.e.e.vh:
    com.google.android.gms.internal.firebase-auth-api.zzrk zzc -> c
    com.google.android.gms.internal.firebase-auth-api.zzxd zza -> a
    com.google.android.gms.internal.firebase-auth-api.zztf zzb -> b
    void zzb(java.lang.Object) -> a
    void zza(java.lang.String) -> d
com.google.android.gms.internal.firebase-auth-api.zzqm -> c.a.a.a.e.e.wh:
    com.google.android.gms.internal.firebase-auth-api.zzrk zzb -> b
    com.google.android.gms.internal.firebase-auth-api.zztf zza -> a
    void zzb(java.lang.Object) -> a
    void zza(java.lang.String) -> d
com.google.android.gms.internal.firebase-auth-api.zzqn -> c.a.a.a.e.e.xh:
    com.google.android.gms.internal.firebase-auth-api.zzul zza -> a
    com.google.android.gms.internal.firebase-auth-api.zzwd zzb -> b
    com.google.android.gms.internal.firebase-auth-api.zzqo zzc -> c
    void zzb(java.lang.Object) -> a
    void zza(java.lang.String) -> d
com.google.android.gms.internal.firebase-auth-api.zzqo -> c.a.a.a.e.e.yh:
    com.google.android.gms.internal.firebase-auth-api.zzrk zzc -> c
    java.lang.String zza -> a
    com.google.android.gms.internal.firebase-auth-api.zztf zzb -> b
    void zzb(java.lang.Object) -> a
    void zza(java.lang.String) -> d
com.google.android.gms.internal.firebase-auth-api.zzqr -> c.a.a.a.e.e.zh:
    com.google.android.gms.internal.firebase-auth-api.zztf zza -> a
    void zzb(java.lang.Object) -> a
    void zza(java.lang.String) -> d
com.google.android.gms.internal.firebase-auth-api.zzqs -> c.a.a.a.e.e.ai:
    com.google.android.gms.internal.firebase-auth-api.zzrk zzb -> b
    com.google.android.gms.internal.firebase-auth-api.zztf zza -> a
    void zzb(java.lang.Object) -> a
    void zza(java.lang.String) -> d
com.google.android.gms.internal.firebase-auth-api.zzqw -> c.a.a.a.e.e.bi:
    com.google.android.gms.internal.firebase-auth-api.zztf zza -> a
    void zzb(java.lang.Object) -> a
    void zza(java.lang.String) -> d
com.google.android.gms.internal.firebase-auth-api.zzqx -> c.a.a.a.e.e.ci:
    com.google.android.gms.internal.firebase-auth-api.zzul zza -> a
    com.google.android.gms.internal.firebase-auth-api.zzqy zzc -> c
    com.google.android.gms.internal.firebase-auth-api.zzwd zzb -> b
    void zzb(java.lang.Object) -> a
    void zza(java.lang.String) -> d
com.google.android.gms.internal.firebase-auth-api.zzqy -> c.a.a.a.e.e.di:
    com.google.android.gms.internal.firebase-auth-api.zzrk zzb -> b
    com.google.android.gms.internal.firebase-auth-api.zztf zza -> a
    void zzb(java.lang.Object) -> a
    void zza(java.lang.String) -> d
com.google.android.gms.internal.firebase-auth-api.zzqz -> c.a.a.a.e.e.ei:
    com.google.android.gms.internal.firebase-auth-api.zzul zza -> a
    com.google.android.gms.internal.firebase-auth-api.zzra zzb -> b
    void zzb(java.lang.Object) -> a
    void zza(java.lang.String) -> d
com.google.android.gms.internal.firebase-auth-api.zzr -> c.a.a.a.e.e.fi:
    java.util.regex.Pattern zza -> f
    com.google.android.gms.internal.firebase-auth-api.zzn zza(java.lang.CharSequence) -> a
com.google.android.gms.internal.firebase-auth-api.zzra -> c.a.a.a.e.e.gi:
    com.google.android.gms.internal.firebase-auth-api.zzrk zzb -> b
    com.google.android.gms.internal.firebase-auth-api.zztf zza -> a
    void zzb(java.lang.Object) -> a
    void zza(java.lang.String) -> d
com.google.android.gms.internal.firebase-auth-api.zzrc -> c.a.a.a.e.e.hi:
    com.google.android.gms.internal.firebase-auth-api.zztf zza -> a
    void zzb(java.lang.Object) -> a
    void zza(java.lang.String) -> d
com.google.android.gms.internal.firebase-auth-api.zzrd -> c.a.a.a.e.e.ii:
    com.google.android.gms.internal.firebase-auth-api.zzrk zzb -> b
    com.google.android.gms.internal.firebase-auth-api.zztf zza -> a
    void zzb(java.lang.Object) -> a
    void zza(java.lang.String) -> d