build/app/outputs/mapping/release/usage.txt
com.example.finflow.R$styleable
com.example.finflow.BuildConfig
com.example.finflow.R$mipmap
com.example.finflow.R$integer
com.example.finflow.R$drawable
com.example.finflow.R$string
com.example.finflow.R$id
com.example.finflow.R$style
com.example.finflow.R$layout
com.example.finflow.R$color
com.example.finflow.R$dimen
com.example.finflow.R$attr
com.example.finflow.R
...
com.google.protobuf.MethodOrBuilder
com.google.firebase.auth.zzu
kotlin.comparisons.ComparisonsKt__ComparisonsKt$nullsLast$1
com.google.common.collect.AbstractBiMap$KeySet
io.grpc.Status:
    public static io.grpc.Status fromCode(io.grpc.Status$Code)
    public static io.grpc.Metadata trailersFromThrowable(java.lang.Throwable)
    public io.grpc.StatusRuntimeException asRuntimeException(io.grpc.Metadata)
    public io.grpc.StatusException asException(io.grpc.Metadata)
    private static final java.lang.String TEST_EQUALS_FAILURE_PROPERTY
kotlin.collections.CollectionSystemProperties
com.google.gson.internal.LinkedTreeMap$Node
com.google.protobuf.DescriptorProtos$GeneratedCodeInfo$AnnotationOrBuilder
com.google.common.collect.Iterators$6
com.google.common.util.concurrent.Runnables$1
kotlin.jvm.functions.Function22:
    public abstract java.lang.Object invoke(java.lang.Object,java.lang.Object,java.lang.Object,java.lang.Object,java.lang.Object,java.lang.Object,java.lang.Object,java.lang.Object,java.lang.Object,java.lang.Object,java.lang.Object,java.lang.Object,java.lang.Object,java.lang.Object,java.lang.Object,java.lang.Object,java.lang.Object,java.lang.Object,java.lang.Object,java.lang.Object,java.lang.Object,java.lang.Object)
com.google.common.io.MultiInputStream
io.grpc.PersistentHashArrayMappedTrie$CollisionLeaf
kotlinx.coroutines.flow.FlowKt__TransformKt$runningFold$$inlined$unsafeFlow$1
androidx.annotation.FloatRange
com.google.protobuf.CodedInputStream$ArrayDecoder:
    public int getLastTag()
    public boolean skipField(int,com.google.protobuf.CodedOutputStream)
    public void skipMessage(com.google.protobuf.CodedOutputStream)
    public void readGroup(int,com.google.protobuf.MessageLite$Builder,com.google.protobuf.ExtensionRegistryLite)
    public com.google.protobuf.MessageLite readGroup(int,com.google.protobuf.Parser,com.google.protobuf.ExtensionRegistryLite)
    public void readUnknownGroup(int,com.google.protobuf.MessageLite$Builder)
    public void readMessage(com.google.protobuf.MessageLite$Builder,com.google.protobuf.ExtensionRegistryLite)
    public com.google.protobuf.MessageLite readMessage(com.google.protobuf.Parser,com.google.protobuf.ExtensionRegistryLite)
    public byte[] readByteArray()
    public java.nio.ByteBuffer readByteBuffer()
    public void enableAliasing(boolean)
    public void resetSizeCounter()
    public int getBytesUntilLimit()
kotlinx.coroutines.debug.internal.ConcurrentWeakMap$Entry
com.google.android.gms.dynamic.IFragmentWrapper
com.squareup.okhttp.internal.DiskLruCache$Snapshot
com.google.android.gms.internal.firebase-auth-api.zzjk:
    static void <clinit>()
    static final synthetic int[] zza
com.google.android.gms.common.api.DataBufferResponse
kotlinx.coroutines.flow.FlowKt__ZipKt$combineTransform$$inlined$combineTransformUnsafe$FlowKt__ZipKt$3$1
com.google.api.BackendRule$PathTranslation
com.google.android.gms.tasks.zzv
com.google.firestore.v1.RollbackRequestOrBuilder
com.google.common.graph.AbstractDirectedNetworkConnections
com.google.common.collect.MutableClassToInstanceMap$2$1
com.google.common.collect.CompactHashMap$2
com.google.gson.internal.UnsafeAllocator$4
com.google.common.io.ByteSource$SlicedByteSource
com.google.apphosting.datastore.testing.DatastoreTestTrace$TimelineTestTraceOrBuilder
androidx.fragment.app.FragmentTabHost
io.grpc.internal.DelayedClientCall:
    final io.grpc.ClientCall getRealCall()
    public final void setMessageCompression(boolean)
    public final boolean isReady()
    public final io.grpc.Attributes getAttributes()
com.google.common.util.concurrent.Partially
javax.annotation.ParametersAreNullableByDefault
kotlinx.coroutines.flow.FlowKt__EmittersKt$onEmpty$lambda-5$$inlined$collect$1
com.google.common.collect.SortedMultisets$ElementSet
io.grpc.internal.DelayedStream$15
kotlin.time.TimeMark
com.squareup.okhttp.internal.framed.Hpack$Writer
kotlin.jvm.internal.Ref$FloatRef